2019-02-18 15:01:16

<<<<<<<2019-02-18 15:01:52

<<<<<<<2019-02-18 15:01:59

<<<<<<<2019-02-18 15:03:24

<<<<<<<2019-02-18 15:04:00

<<<<<<<2019-02-18 15:07:43

<<<<<<<2019-02-18 15:08:10

<<<<<<<2019-02-18 15:08:40

<<<<<<<2019-02-18 15:10:29

<<<<<<<2019-02-18 15:11:12

<<<<<<<2019-02-18 15:11:20

<<<<<<<2019-02-18 15:11:27

<<<<<<<2019-02-18 15:11:32

<<<<<<<2019-02-18 15:11:48

<<<<<<<2019-02-18 15:12:30

<<<<<<<2019-02-18 15:15:45

<<<<<<<2019-02-18 15:16:13

<<<<<<<2019-02-18 15:16:26

<<<<<<<2019-02-18 15:16:48

<<<<<<<2019-02-18 15:17:11

<<<<<<<2019-02-18 15:17:30

<<<<<<<2019-02-18 15:18:03

<<<<<<<2019-02-18 15:19:38

<<<<<<<2019-02-18 15:30:50

<<<<<<<2019-02-18 15:31:48

<<<<<<<2019-02-18 15:31:56

<<<<<<<2019-02-18 15:32:09
<xml><ToUserName><![CDATA[gh_0a3a74195ba1]]></ToUserName>
<FromUserName><![CDATA[oF5pn6PkNHZjgUOf-BTJWgdMyWd8]]></FromUserName>
<CreateTime>1550474738</CreateTime>
<MsgType><![CDATA[event]]></MsgType>
<Event><![CDATA[subscribe]]></Event>
<EventKey><![CDATA[]]></EventKey>
</xml>

<<<<<<<2019-02-18 15:36:15
<xml><ToUserName><![CDATA[gh_0a3a74195ba1]]></ToUserName>
<FromUserName><![CDATA[oF5pn6PkNHZjgUOf-BTJWgdMyWd8]]></FromUserName>
<CreateTime>1550474738</CreateTime>
<MsgType><![CDATA[event]]></MsgType>
<Event><![CDATA[subscribe]]></Event>
<EventKey><![CDATA[]]></EventKey>
</xml>

<<<<<<<2019-02-18 15:36:46
<xml><ToUserName><![CDATA[gh_0a3a74195ba1]]></ToUserName>
<FromUserName><![CDATA[oF5pn6PkNHZjgUOf-BTJWgdMyWd8]]></FromUserName>
<CreateTime>1550474738</CreateTime>
<MsgType><![CDATA[event]]></MsgType>
<Event><![CDATA[subscribe]]></Event>
<EventKey><![CDATA[]]></EventKey>
</xml>

<<<<<<<2019-02-18 15:36:48
<xml><ToUserName><![CDATA[gh_0a3a74195ba1]]></ToUserName>
<FromUserName><![CDATA[oF5pn6PkNHZjgUOf-BTJWgdMyWd8]]></FromUserName>
<CreateTime>1550474738</CreateTime>
<MsgType><![CDATA[event]]></MsgType>
<Event><![CDATA[subscribe]]></Event>
<EventKey><![CDATA[]]></EventKey>
</xml>

<<<<<<<2019-02-18 15:36:55
<xml><ToUserName><![CDATA[gh_0a3a74195ba1]]></ToUserName>
<FromUserName><![CDATA[oF5pn6PkNHZjgUOf-BTJWgdMyWd8]]></FromUserName>
<CreateTime>1550474738</CreateTime>
<MsgType><![CDATA[event]]></MsgType>
<Event><![CDATA[subscribe]]></Event>
<EventKey><![CDATA[]]></EventKey>
</xml>

<<<<<<<2019-02-18 15:44:55
<xml><ToUserName><![CDATA[gh_0a3a74195ba1]]></ToUserName>
<FromUserName><![CDATA[oF5pn6PkNHZjgUOf-BTJWgdMyWd8]]></FromUserName>
<CreateTime>1550474738</CreateTime>
<MsgType><![CDATA[event]]></MsgType>
<Event><![CDATA[subscribe]]></Event>
<EventKey><![CDATA[]]></EventKey>
</xml>
<<<<<<<2019-02-18 15:44:57

<<<<<<<2019-02-18 15:45:13

<<<<<<<2019-02-18 15:45:35

<<<<<<<2019-02-18 16:56:47

<<<<<<<2019-02-18 17:01:14

<<<<<<<2019-02-18 17:03:43
<xml><ToUserName><![CDATA[gh_0a3a74195ba1]]></ToUserName>
<FromUserName><![CDATA[oF5pn6PkNHZjgUOf-BTJWgdMyWd8]]></FromUserName>
<CreateTime>1550480583</CreateTime>
<MsgType><![CDATA[event]]></MsgType>
<Event><![CDATA[subscribe]]></Event>
<EventKey><![CDATA[]]></EventKey>
</xml>
<<<<<<<2019-02-18 17:09:49
<xml><ToUserName><![CDATA[gh_0a3a74195ba1]]></ToUserName>
<FromUserName><![CDATA[oF5pn6PkNHZjgUOf-BTJWgdMyWd8]]></FromUserName>
<CreateTime>1550480968</CreateTime>
<MsgType><![CDATA[event]]></MsgType>
<Event><![CDATA[subscribe]]></Event>
<EventKey><![CDATA[]]></EventKey>
</xml>

<<<<<<<2019-02-18 17:54:35
<xml><ToUserName><![CDATA[gh_0a3a74195ba1]]></ToUserName>
<FromUserName><![CDATA[oF5pn6PkNHZjgUOf-BTJWgdMyWd8]]></FromUserName>
<CreateTime>1550483658</CreateTime>
<MsgType><![CDATA[event]]></MsgType>
<Event><![CDATA[subscribe]]></Event>
<EventKey><![CDATA[]]></EventKey>
</xml>

<<<<<<<2019-02-18 17:54:45
<xml><ToUserName><![CDATA[gh_0a3a74195ba1]]></ToUserName>
<FromUserName><![CDATA[oF5pn6PkNHZjgUOf-BTJWgdMyWd8]]></FromUserName>
<CreateTime>1550483658</CreateTime>
<MsgType><![CDATA[event]]></MsgType>
<Event><![CDATA[subscribe]]></Event>
<EventKey><![CDATA[]]></EventKey>
</xml>

<<<<<<<2019-02-18 17:57:41
<xml><ToUserName><![CDATA[gh_0a3a74195ba1]]></ToUserName>
<FromUserName><![CDATA[oF5pn6PkNHZjgUOf-BTJWgdMyWd8]]></FromUserName>
<CreateTime>1550483658</CreateTime>
<MsgType><![CDATA[event]]></MsgType>
<Event><![CDATA[subscribe]]></Event>
<EventKey><![CDATA[]]></EventKey>
</xml>

<<<<<<<2019-02-18 18:23:19
<xml><ToUserName><![CDATA[gh_0a3a74195ba1]]></ToUserName>
<FromUserName><![CDATA[oF5pn6PkNHZjgUOf-BTJWgdMyWd8]]></FromUserName>
<CreateTime>1550485362</CreateTime>
<MsgType><![CDATA[event]]></MsgType>
<Event><![CDATA[subscribe]]></Event>
<EventKey><![CDATA[]]></EventKey>
</xml>

<<<<<<<2019-02-18 18:25:38
<xml><ToUserName><![CDATA[gh_0a3a74195ba1]]></ToUserName>
<FromUserName><![CDATA[oF5pn6PkNHZjgUOf-BTJWgdMyWd8]]></FromUserName>
<CreateTime>1550485362</CreateTime>
<MsgType><![CDATA[event]]></MsgType>
<Event><![CDATA[subscribe]]></Event>
<EventKey><![CDATA[]]></EventKey>
</xml>

<<<<<<<2019-02-18 18:26:57
<xml><ToUserName><![CDATA[gh_0a3a74195ba1]]></ToUserName>
<FromUserName><![CDATA[oF5pn6PkNHZjgUOf-BTJWgdMyWd8]]></FromUserName>
<CreateTime>1550485362</CreateTime>
<MsgType><![CDATA[event]]></MsgType>
<Event><![CDATA[subscribe]]></Event>
<EventKey><![CDATA[]]></EventKey>
</xml>

<<<<<<<2019-02-18 18:27:40
<xml><ToUserName><![CDATA[gh_0a3a74195ba1]]></ToUserName>
<FromUserName><![CDATA[oF5pn6PkNHZjgUOf-BTJWgdMyWd8]]></FromUserName>
<CreateTime>1550485362</CreateTime>
<MsgType><![CDATA[event]]></MsgType>
<Event><![CDATA[subscribe]]></Event>
<EventKey><![CDATA[]]></EventKey>
</xml>


<<<<<<<2019-02-20 20:07:38
<xml><ToUserName><![CDATA[gh_0a3a74195ba1]]></ToUserName>
<FromUserName><![CDATA[oF5pn6PkNHZjgUOf-BTJWgdMyWd8]]></FromUserName>
<CreateTime>1550662286</CreateTime>
<MsgType><![CDATA[image]]></MsgType>
<PicUrl><![CDATA[http://mmbiz.qpic.cn/mmbiz_jpg/E1l1nXO9aYUbbeVLepMKMwrOeVEwcVdkjSpmu3fkj9Xibiab6iaXWYchCM5umI5vgUztcvCRzFanfsVxYXSdvtQsA/0]]></PicUrl>
<MsgId>22200145030292520</MsgId>
<MediaId><![CDATA[gEUA1nJXWuac21gKrn6Zdvji2TD_eQ6KX9PRjBlVU72FCjc-lzxR6Q4PYe6U21en]]></MediaId>
</xml>












<<<<<<<2019-02-20 20:11:44
<xml><ToUserName><![CDATA[gh_0a3a74195ba1]]></ToUserName>
<FromUserName><![CDATA[oF5pn6PkNHZjgUOf-BTJWgdMyWd8]]></FromUserName>
<CreateTime>1550662286</CreateTime>
<MsgType><![CDATA[image]]></MsgType>
<PicUrl><![CDATA[http://mmbiz.qpic.cn/mmbiz_jpg/E1l1nXO9aYUbbeVLepMKMwrOeVEwcVdkjSpmu3fkj9Xibiab6iaXWYchCM5umI5vgUztcvCRzFanfsVxYXSdvtQsA/0]]></PicUrl>
<MsgId>22200145030292520</MsgId>
<MediaId><![CDATA[gEUA1nJXWuac21gKrn6Zdvji2TD_eQ6KX9PRjBlVU72FCjc-lzxR6Q4PYe6U21en]]></MediaId>
</xml>












<<<<<<<